0 info it worked if it ends with ok
1 verbose cli [ '/home/codio/.nvm/v0.10.25/bin/node',
1 verbose cli   '/home/codio/.nvm/v0.10.25/bin/npm',
1 verbose cli   'start' ]
2 info using npm@1.3.24
3 info using node@v0.10.25
4 verbose run-script [ 'prestart', 'start', 'poststart' ]
5 info prestart starter-node-angular@
6 info start starter-node-angular@
7 verbose unsafe-perm in lifecycle true
8 info starter-node-angular@ Failed to exec start script
9 error starter-node-angular@ start: `node server.js`
9 error Exit status 8
10 error Failed at the starter-node-angular@ start script.
10 error This is most likely a problem with the starter-node-angular package,
10 error not with npm itself.
10 error Tell the author that this fails on your system:
10 error     node server.js
10 error You can get their info via:
10 error     npm owner ls starter-node-angular
10 error There is likely additional logging output above.
11 error System Linux 3.13.0-32-generic
12 error command "/home/codio/.nvm/v0.10.25/bin/node" "/home/codio/.nvm/v0.10.25/bin/npm" "start"
13 error cwd /home/codio/workspace
14 error node -v v0.10.25
15 error npm -v 1.3.24
16 error code ELIFECYCLE
17 verbose exit [ 1, true ]
